Using pre-set license
Built from '2020.3/staging' branch; Version is '2020.3.5f1 (8095aa901b9b) revision 8426922'; Using compiler version '192528614'; Build Type 'Release'
OS: 'Windows 10 Home Single Language; OS build 19042.985; Version 2009; 64bit' Language: 'en' Physical Memory: 7549 MB
BatchMode: 1, IsHumanControllingUs: 0, StartBugReporterOnCrash: 0, Is64bit: 1, IsPro: 0

 COMMAND LINE ARGUMENTS:
C:\Program Files\Unity\Hub\Editor\2020.3.5f1\Editor\Unity.exe
-adb2
-batchMode
-noUpm
-name
AssetImportWorker0
-projectPath
D:/project/Project_2_Team_3/DieAnotherDay
-logFile
Logs/AssetImportWorker0.log
-srvPort
1482
Successfully changed project path to: D:/project/Project_2_Team_3/DieAnotherDay
D:/project/Project_2_Team_3/DieAnotherDay
Using Asset Import Pipeline V2.
Refreshing native plugins compatible for Editor in 85.30 ms, found 1 plugins.
Preloading 0 native plugins for Editor in 0.00 ms.
Initialize engine version: 2020.3.5f1 (8095aa901b9b)
[Subsystems] Discovering subsystems at path C:/Program Files/Unity/Hub/Editor/2020.3.5f1/Editor/Data/Resources/UnitySubsystems
[Subsystems] Discovering subsystems at path D:/project/Project_2_Team_3/DieAnotherDay/Assets
GfxDevice: creating device client; threaded=0
Direct3D:
    Version:  Direct3D 11.0 [level 11.1]
    Renderer: NVIDIA GeForce GTX 1650 (ID=0x1f99)
    Vendor:   
    VRAM:     3962 MB
    Driver:   27.21.14.5256
Initialize mono
Mono path[0] = 'C:/Program Files/Unity/Hub/Editor/2020.3.5f1/Editor/Data/Managed'
Mono path[1] = 'C:/Program Files/Unity/Hub/Editor/2020.3.5f1/Editor/Data/MonoBleedingEdge/lib/mono/unityjit'
Mono config path = 'C:/Program Files/Unity/Hub/Editor/2020.3.5f1/Editor/Data/MonoBleedingEdge/etc'
Using monoOptions --debugger-agent=transport=dt_socket,embedding=1,server=y,suspend=n,address=127.0.0.1:56468
Begin MonoManager ReloadAssembly
Registering precompiled unity dll's ...
Register platform support module: C:/Program Files/Unity/Hub/Editor/2020.3.5f1/Editor/Data/PlaybackEngines/WebGLSupport/UnityEditor.WebGL.Extensions.dll
Register platform support module: C:/Program Files/Unity/Hub/Editor/2020.3.5f1/Editor/Data/PlaybackEngines/WindowsStandaloneSupport/UnityEditor.WindowsStandalone.Extensions.dll
Registered in 0.006072 seconds.
Native extension for WindowsStandalone target not found
Native extension for WebGL target not found
Refreshing native plugins compatible for Editor in 75.02 ms, found 1 plugins.
Preloading 0 native plugins for Editor in 0.00 ms.
Mono: successfully reloaded assembly
- Completed reload, in  2.124 seconds
Platform modules already initialized, skipping
Registering precompiled user dll's ...
Registered in 0.001122 seconds.
Begin MonoManager ReloadAssembly
Native extension for WindowsStandalone target not found
Native extension for WebGL target not found
Refreshing native plugins compatible for Editor in 73.47 ms, found 1 plugins.
Preloading 0 native plugins for Editor in 0.00 ms.
Mono: successfully reloaded assembly
- Completed reload, in  1.437 seconds
Platform modules already initialized, skipping
========================================================================
Worker process is ready to serve import requests
Launched and connected shader compiler UnityShaderCompiler.exe after 0.09 seconds
Refreshing native plugins compatible for Editor in 0.70 ms, found 1 plugins.
Preloading 0 native plugins for Editor in 0.00 ms.
Unloading 1876 Unused Serialized files (Serialized files now loaded: 0)
System memory in use before: 88.7 MB.
System memory in use after: 88.6 MB.

Unloading 24 unused Assets to reduce memory usage. Loaded Objects now: 2323.
Total: 3.750000 ms (FindLiveObjects: 0.329200 ms CreateObjectMapping: 0.088900 ms MarkObjects: 3.120400 ms  DeleteObjects: 0.208900 ms)

========================================================================
Received Import Request.
  path: Assets/Prefabs/Bullet_impact.anim
  artifactKey: Guid(f897b2ab54bf7f341983eec363fda687) Importer(815301076,1909f56bfc062723c751e8b465ee728b)
Start importing Assets/Prefabs/Bullet_impact.anim using Guid(f897b2ab54bf7f341983eec363fda687) Importer(815301076,1909f56bfc062723c751e8b465ee728b)  -> (artifact id: '71c0d3c27796bb455d0a58884705e5c4') in 0.061382 seconds
  Import took 0.068105 seconds .

========================================================================
Received Import Request.
  Time since last request: 5.630849 seconds.
  path: Assets/Prefabs/Bullet_fly.anim
  artifactKey: Guid(f670b5706e615174890dd828928e3fe5) Importer(815301076,1909f56bfc062723c751e8b465ee728b)
Start importing Assets/Prefabs/Bullet_fly.anim using Guid(f670b5706e615174890dd828928e3fe5) Importer(815301076,1909f56bfc062723c751e8b465ee728b)  -> (artifact id: '3f2abc270d475a526d043a0d372c3030') in 0.002956 seconds
  Import took 0.007794 seconds .

========================================================================
Received Import Request.
  Time since last request: 0.006945 seconds.
  path: Assets/Prefabs/Bullet_fly.anim
  artifactKey: Guid(f670b5706e615174890dd828928e3fe5) Importer(815301076,1909f56bfc062723c751e8b465ee728b)
Start importing Assets/Prefabs/Bullet_fly.anim using Guid(f670b5706e615174890dd828928e3fe5) Importer(815301076,1909f56bfc062723c751e8b465ee728b)  -> (artifact id: '3f2abc270d475a526d043a0d372c3030') in 0.002924 seconds
  Import took 0.007464 seconds .

========================================================================
Received Prepare
Refreshing native plugins compatible for Editor in 2.07 ms, found 1 plugins.
Preloading 0 native plugins for Editor in 0.00 ms.
Unloading 10 Unused Serialized files (Serialized files now loaded: 0)
System memory in use before: 50.7 MB.
System memory in use after: 50.7 MB.

Unloading 10 unused Assets to reduce memory usage. Loaded Objects now: 2323.
Total: 4.579200 ms (FindLiveObjects: 0.554300 ms CreateObjectMapping: 0.168000 ms MarkObjects: 3.697600 ms  DeleteObjects: 0.156400 ms)

========================================================================
Received Prepare
Registering precompiled user dll's ...
Registered in 0.001828 seconds.
Begin MonoManager ReloadAssembly
Native extension for WindowsStandalone target not found
Native extension for WebGL target not found
Refreshing native plugins compatible for Editor in 1.10 ms, found 1 plugins.
Preloading 0 native plugins for Editor in 0.00 ms.
Mono: successfully reloaded assembly
- Completed reload, in  1.745 seconds
Platform modules already initialized, skipping
Refreshing native plugins compatible for Editor in 1.06 ms, found 1 plugins.
Preloading 0 native plugins for Editor in 0.00 ms.
Unloading 1858 Unused Serialized files (Serialized files now loaded: 0)
System memory in use before: 87.4 MB.
System memory in use after: 87.4 MB.

Unloading 12 unused Assets to reduce memory usage. Loaded Objects now: 2327.
Total: 4.383400 ms (FindLiveObjects: 0.638200 ms CreateObjectMapping: 0.084900 ms MarkObjects: 3.496300 ms  DeleteObjects: 0.161800 ms)

========================================================================
Received Prepare
Registering precompiled user dll's ...
Registered in 0.001265 seconds.
Begin MonoManager ReloadAssembly
Native extension for WindowsStandalone target not found
Native extension for WebGL target not found
Refreshing native plugins compatible for Editor in 1.06 ms, found 1 plugins.
Preloading 0 native plugins for Editor in 0.00 ms.
Mono: successfully reloaded assembly
- Completed reload, in  1.217 seconds
Platform modules already initialized, skipping
Refreshing native plugins compatible for Editor in 0.91 ms, found 1 plugins.
Preloading 0 native plugins for Editor in 0.00 ms.
Unloading 1858 Unused Serialized files (Serialized files now loaded: 0)
System memory in use before: 87.4 MB.
System memory in use after: 87.4 MB.

Unloading 12 unused Assets to reduce memory usage. Loaded Objects now: 2331.
Total: 5.304600 ms (FindLiveObjects: 0.773200 ms CreateObjectMapping: 0.115000 ms MarkObjects: 4.139300 ms  DeleteObjects: 0.270700 ms)

========================================================================
Received Prepare
Registering precompiled user dll's ...
Registered in 0.001290 seconds.
Begin MonoManager ReloadAssembly
Native extension for WindowsStandalone target not found
Native extension for WebGL target not found
Refreshing native plugins compatible for Editor in 0.55 ms, found 1 plugins.
Preloading 0 native plugins for Editor in 0.00 ms.
Mono: successfully reloaded assembly
- Completed reload, in  0.781 seconds
Platform modules already initialized, skipping
Refreshing native plugins compatible for Editor in 0.67 ms, found 1 plugins.
Preloading 0 native plugins for Editor in 0.00 ms.
Unloading 1992 Unused Serialized files (Serialized files now loaded: 0)
System memory in use before: 92.9 MB.
System memory in use after: 92.6 MB.

Unloading 17 unused Assets to reduce memory usage. Loaded Objects now: 2464.
Total: 2.598300 ms (FindLiveObjects: 0.377100 ms CreateObjectMapping: 0.140200 ms MarkObjects: 1.787400 ms  DeleteObjects: 0.289500 ms)

========================================================================
Received Prepare
Registering precompiled user dll's ...
Registered in 0.001076 seconds.
Begin MonoManager ReloadAssembly
Native extension for WindowsStandalone target not found
Native extension for WebGL target not found
Refreshing native plugins compatible for Editor in 0.57 ms, found 1 plugins.
Preloading 0 native plugins for Editor in 0.00 ms.
Mono: successfully reloaded assembly
- Completed reload, in  0.793 seconds
Platform modules already initialized, skipping
Refreshing native plugins compatible for Editor in 0.63 ms, found 1 plugins.
Preloading 0 native plugins for Editor in 0.00 ms.
Unloading 1991 Unused Serialized files (Serialized files now loaded: 0)
System memory in use before: 92.8 MB.
System memory in use after: 92.5 MB.

Unloading 17 unused Assets to reduce memory usage. Loaded Objects now: 2468.
Total: 3.293000 ms (FindLiveObjects: 0.417800 ms CreateObjectMapping: 0.107100 ms MarkObjects: 2.438000 ms  DeleteObjects: 0.328100 ms)

========================================================================
Received Prepare
Registering precompiled user dll's ...
Registered in 0.001025 seconds.
Begin MonoManager ReloadAssembly
Native extension for WindowsStandalone target not found
Native extension for WebGL target not found
Refreshing native plugins compatible for Editor in 0.52 ms, found 1 plugins.
Preloading 0 native plugins for Editor in 0.00 ms.
Mono: successfully reloaded assembly
- Completed reload, in  0.823 seconds
Platform modules already initialized, skipping
Refreshing native plugins compatible for Editor in 0.74 ms, found 1 plugins.
Preloading 0 native plugins for Editor in 0.00 ms.
Unloading 1991 Unused Serialized files (Serialized files now loaded: 0)
System memory in use before: 92.9 MB.
System memory in use after: 92.5 MB.

Unloading 17 unused Assets to reduce memory usage. Loaded Objects now: 2472.
Total: 2.397000 ms (FindLiveObjects: 0.226300 ms CreateObjectMapping: 0.055200 ms MarkObjects: 1.788000 ms  DeleteObjects: 0.325800 ms)

========================================================================
Received Import Request.
  Time since last request: 1057.178514 seconds.
  path: ProjectSettings/TagManager.asset
  artifactKey: Guid(00000000000000003000000000000000) Importer(815301076,1909f56bfc062723c751e8b465ee728b)
Start importing ProjectSettings/TagManager.asset using Guid(00000000000000003000000000000000) Importer(815301076,1909f56bfc062723c751e8b465ee728b)  -> (artifact id: '0f39a5eb6542648294db904a0ce742f6') in 0.017717 seconds
  Import took 0.021831 seconds .

========================================================================
Received Import Request.
  Time since last request: 558.056183 seconds.
  path: Assets/Prefabs/Zombie.prefab
  artifactKey: Guid(9729d9e991173f14a8f6dcbb7ef86583) Importer(815301076,1909f56bfc062723c751e8b465ee728b)
Start importing Assets/Prefabs/Zombie.prefab using Guid(9729d9e991173f14a8f6dcbb7ef86583) Importer(815301076,1909f56bfc062723c751e8b465ee728b)  -> (artifact id: '5097cb865270b7b240dc6ae284067113') in 0.108930 seconds
  Import took 0.112932 seconds .

========================================================================
Received Import Request.
  Time since last request: 17.163100 seconds.
  path: Assets/Prefabs/Zombie.prefab
  artifactKey: Guid(9729d9e991173f14a8f6dcbb7ef86583) Importer(815301076,1909f56bfc062723c751e8b465ee728b)
Start importing Assets/Prefabs/Zombie.prefab using Guid(9729d9e991173f14a8f6dcbb7ef86583) Importer(815301076,1909f56bfc062723c751e8b465ee728b)  -> (artifact id: 'f50ff3112e7ae2dee82660214fa8efd8') in 0.023246 seconds
  Import took 0.026743 seconds .

========================================================================
Received Import Request.
  Time since last request: 17.989981 seconds.
  path: Assets/Prefabs/Zombie.prefab
  artifactKey: Guid(9729d9e991173f14a8f6dcbb7ef86583) Importer(815301076,1909f56bfc062723c751e8b465ee728b)
Start importing Assets/Prefabs/Zombie.prefab using Guid(9729d9e991173f14a8f6dcbb7ef86583) Importer(815301076,1909f56bfc062723c751e8b465ee728b)  -> (artifact id: '94226e8277e4bc89b165257580f0b28c') in 0.023420 seconds
  Import took 0.028758 seconds .

========================================================================
Received Import Request.
  Time since last request: 6.980843 seconds.
  path: Assets/Prefabs/Zombie.prefab
  artifactKey: Guid(9729d9e991173f14a8f6dcbb7ef86583) Importer(815301076,1909f56bfc062723c751e8b465ee728b)
Start importing Assets/Prefabs/Zombie.prefab using Guid(9729d9e991173f14a8f6dcbb7ef86583) Importer(815301076,1909f56bfc062723c751e8b465ee728b)  -> (artifact id: '3d439f74c9eeeef80690811920613675') in 0.023239 seconds
  Import took 0.027551 seconds .

========================================================================
Received Prepare
Registering precompiled user dll's ...
Registered in 0.001120 seconds.
Begin MonoManager ReloadAssembly
Native extension for WindowsStandalone target not found
Native extension for WebGL target not found
Refreshing native plugins compatible for Editor in 0.53 ms, found 1 plugins.
Preloading 0 native plugins for Editor in 0.00 ms.
Mono: successfully reloaded assembly
- Completed reload, in  0.806 seconds
Platform modules already initialized, skipping
Refreshing native plugins compatible for Editor in 0.57 ms, found 1 plugins.
Preloading 0 native plugins for Editor in 0.00 ms.
Unloading 1991 Unused Serialized files (Serialized files now loaded: 0)
System memory in use before: 95.8 MB.
System memory in use after: 95.5 MB.

Unloading 18 unused Assets to reduce memory usage. Loaded Objects now: 2483.
Total: 2.263900 ms (FindLiveObjects: 0.213500 ms CreateObjectMapping: 0.053900 ms MarkObjects: 1.700600 ms  DeleteObjects: 0.294600 ms)

========================================================================
Received Import Request.
  Time since last request: 93.124573 seconds.
  path: Assets/Prefabs/Zombie.prefab
  artifactKey: Guid(9729d9e991173f14a8f6dcbb7ef86583) Importer(815301076,1909f56bfc062723c751e8b465ee728b)
Start importing Assets/Prefabs/Zombie.prefab using Guid(9729d9e991173f14a8f6dcbb7ef86583) Importer(815301076,1909f56bfc062723c751e8b465ee728b)  -> (artifact id: 'b3a34db548a3df2479d1af92c961cf63') in 0.068061 seconds
  Import took 0.071766 seconds .

========================================================================
Received Import Request.
  Time since last request: 40.548096 seconds.
  path: Assets/Prefabs/Zombie.prefab
  artifactKey: Guid(9729d9e991173f14a8f6dcbb7ef86583) Importer(815301076,1909f56bfc062723c751e8b465ee728b)
Start importing Assets/Prefabs/Zombie.prefab using Guid(9729d9e991173f14a8f6dcbb7ef86583) Importer(815301076,1909f56bfc062723c751e8b465ee728b)  -> (artifact id: 'c17b67545fb7cd5f2a23519e345fc3e9') in 0.025283 seconds
  Import took 0.029134 seconds .

========================================================================
Received Import Request.
  Time since last request: 13.966874 seconds.
  path: Assets/Prefabs/Player.prefab
  artifactKey: Guid(1de2fb3d295c17c4e8df5b3ceba470ca) Importer(815301076,1909f56bfc062723c751e8b465ee728b)
Start importing Assets/Prefabs/Player.prefab using Guid(1de2fb3d295c17c4e8df5b3ceba470ca) Importer(815301076,1909f56bfc062723c751e8b465ee728b)  -> (artifact id: 'd3e6ee06574f8aa9a3b1a00e060dfa1b') in 0.023879 seconds
  Import took 0.027730 seconds .

========================================================================
Received Prepare
Registering precompiled user dll's ...
Registered in 0.001181 seconds.
Begin MonoManager ReloadAssembly
Native extension for WindowsStandalone target not found
Native extension for WebGL target not found
Refreshing native plugins compatible for Editor in 0.62 ms, found 1 plugins.
Preloading 0 native plugins for Editor in 0.00 ms.
Mono: successfully reloaded assembly
- Completed reload, in  0.797 seconds
Platform modules already initialized, skipping
Refreshing native plugins compatible for Editor in 0.54 ms, found 1 plugins.
Preloading 0 native plugins for Editor in 0.00 ms.
Unloading 1991 Unused Serialized files (Serialized files now loaded: 0)
System memory in use before: 96.0 MB.
System memory in use after: 95.5 MB.

Unloading 17 unused Assets to reduce memory usage. Loaded Objects now: 2488.
Total: 3.249300 ms (FindLiveObjects: 0.324100 ms CreateObjectMapping: 0.148100 ms MarkObjects: 2.432500 ms  DeleteObjects: 0.343100 ms)

========================================================================
Received Prepare
Registering precompiled user dll's ...
Registered in 0.001183 seconds.
Begin MonoManager ReloadAssembly
Native extension for WindowsStandalone target not found
Native extension for WebGL target not found
Refreshing native plugins compatible for Editor in 0.61 ms, found 1 plugins.
Preloading 0 native plugins for Editor in 0.00 ms.
Mono: successfully reloaded assembly
- Completed reload, in  0.774 seconds
Platform modules already initialized, skipping
Refreshing native plugins compatible for Editor in 0.55 ms, found 1 plugins.
Preloading 0 native plugins for Editor in 0.00 ms.
Unloading 1991 Unused Serialized files (Serialized files now loaded: 0)
System memory in use before: 95.9 MB.
System memory in use after: 95.5 MB.

Unloading 17 unused Assets to reduce memory usage. Loaded Objects now: 2492.
Total: 2.527100 ms (FindLiveObjects: 0.316500 ms CreateObjectMapping: 0.109700 ms MarkObjects: 1.769500 ms  DeleteObjects: 0.329500 ms)

========================================================================
Received Import Request.
  Time since last request: 109.654343 seconds.
  path: Assets/Prefabs/Player.prefab
  artifactKey: Guid(1de2fb3d295c17c4e8df5b3ceba470ca) Importer(815301076,1909f56bfc062723c751e8b465ee728b)
Start importing Assets/Prefabs/Player.prefab using Guid(1de2fb3d295c17c4e8df5b3ceba470ca) Importer(815301076,1909f56bfc062723c751e8b465ee728b)  -> (artifact id: '3d08e7eba3c7210cbe4332fdb990cb09') in 0.063625 seconds
  Import took 0.067646 seconds .

========================================================================
Received Prepare
Registering precompiled user dll's ...
Registered in 0.001100 seconds.
Begin MonoManager ReloadAssembly
Native extension for WindowsStandalone target not found
Native extension for WebGL target not found
Refreshing native plugins compatible for Editor in 0.62 ms, found 1 plugins.
Preloading 0 native plugins for Editor in 0.00 ms.
Mono: successfully reloaded assembly
- Completed reload, in  0.896 seconds
Platform modules already initialized, skipping
Refreshing native plugins compatible for Editor in 0.59 ms, found 1 plugins.
Preloading 0 native plugins for Editor in 0.00 ms.
Unloading 1991 Unused Serialized files (Serialized files now loaded: 0)
System memory in use before: 96.0 MB.
System memory in use after: 95.6 MB.

Unloading 18 unused Assets to reduce memory usage. Loaded Objects now: 2497.
Total: 3.720300 ms (FindLiveObjects: 0.234900 ms CreateObjectMapping: 0.056200 ms MarkObjects: 3.038000 ms  DeleteObjects: 0.389300 ms)

========================================================================
Received Prepare
Registering precompiled user dll's ...
Registered in 0.001042 seconds.
Begin MonoManager ReloadAssembly
Native extension for WindowsStandalone target not found
Native extension for WebGL target not found
Refreshing native plugins compatible for Editor in 0.62 ms, found 1 plugins.
Preloading 0 native plugins for Editor in 0.00 ms.
Mono: successfully reloaded assembly
- Completed reload, in  0.788 seconds
Platform modules already initialized, skipping
Refreshing native plugins compatible for Editor in 0.58 ms, found 1 plugins.
Preloading 0 native plugins for Editor in 0.00 ms.
Unloading 1991 Unused Serialized files (Serialized files now loaded: 0)
System memory in use before: 96.0 MB.
System memory in use after: 95.6 MB.

Unloading 17 unused Assets to reduce memory usage. Loaded Objects now: 2501.
Total: 2.663500 ms (FindLiveObjects: 0.331700 ms CreateObjectMapping: 0.058000 ms MarkObjects: 1.908200 ms  DeleteObjects: 0.363400 ms)

========================================================================
Received Import Request.
  Time since last request: 107.846030 seconds.
  path: Assets/Prefabs/Zombie.prefab
  artifactKey: Guid(9729d9e991173f14a8f6dcbb7ef86583) Importer(815301076,1909f56bfc062723c751e8b465ee728b)
Start importing Assets/Prefabs/Zombie.prefab using Guid(9729d9e991173f14a8f6dcbb7ef86583) Importer(815301076,1909f56bfc062723c751e8b465ee728b)  -> (artifact id: '4a999b4437ec114b0df9b07f124a7e6b') in 0.073168 seconds
  Import took 0.077340 seconds .

========================================================================
Received Prepare
Registering precompiled user dll's ...
Registered in 0.001144 seconds.
Begin MonoManager ReloadAssembly
Native extension for WindowsStandalone target not found
Native extension for WebGL target not found
Refreshing native plugins compatible for Editor in 0.80 ms, found 1 plugins.
Preloading 0 native plugins for Editor in 0.00 ms.
Mono: successfully reloaded assembly
- Completed reload, in  0.917 seconds
Platform modules already initialized, skipping
Refreshing native plugins compatible for Editor in 1.11 ms, found 1 plugins.
Preloading 0 native plugins for Editor in 0.00 ms.
Unloading 1991 Unused Serialized files (Serialized files now loaded: 0)
System memory in use before: 96.0 MB.
System memory in use after: 95.6 MB.

Unloading 17 unused Assets to reduce memory usage. Loaded Objects now: 2506.
Total: 3.899600 ms (FindLiveObjects: 0.467400 ms CreateObjectMapping: 0.074200 ms MarkObjects: 2.855600 ms  DeleteObjects: 0.500000 ms)

========================================================================
Received Import Request.
  Time since last request: 40.536731 seconds.
  path: Assets/Prefabs/Zombie.prefab
  artifactKey: Guid(9729d9e991173f14a8f6dcbb7ef86583) Importer(815301076,1909f56bfc062723c751e8b465ee728b)
Start importing Assets/Prefabs/Zombie.prefab using Guid(9729d9e991173f14a8f6dcbb7ef86583) Importer(815301076,1909f56bfc062723c751e8b465ee728b)  -> (artifact id: '753448139db44aa87d47e4468f428458') in 0.065419 seconds
  Import took 0.070316 seconds .

========================================================================
Received Import Request.
  Time since last request: 5.819745 seconds.
  path: Assets/Prefabs/Zombie.prefab
  artifactKey: Guid(9729d9e991173f14a8f6dcbb7ef86583) Importer(815301076,1909f56bfc062723c751e8b465ee728b)
Start importing Assets/Prefabs/Zombie.prefab using Guid(9729d9e991173f14a8f6dcbb7ef86583) Importer(815301076,1909f56bfc062723c751e8b465ee728b)  -> (artifact id: 'e7bf9cded0da201058ab1d64debb7229') in 0.015603 seconds
  Import took 0.019402 seconds .

========================================================================
Received Import Request.
  Time since last request: 0.010478 seconds.
  path: Assets/Prefabs/Zombie.prefab
  artifactKey: Guid(9729d9e991173f14a8f6dcbb7ef86583) Importer(815301076,1909f56bfc062723c751e8b465ee728b)
Start importing Assets/Prefabs/Zombie.prefab using Guid(9729d9e991173f14a8f6dcbb7ef86583) Importer(815301076,1909f56bfc062723c751e8b465ee728b)  -> (artifact id: 'e7bf9cded0da201058ab1d64debb7229') in 0.018572 seconds
  Import took 0.022608 seconds .

========================================================================
Received Prepare
Registering precompiled user dll's ...
Registered in 0.001956 seconds.
Begin MonoManager ReloadAssembly
Native extension for WindowsStandalone target not found
Native extension for WebGL target not found
Refreshing native plugins compatible for Editor in 0.52 ms, found 1 plugins.
Preloading 0 native plugins for Editor in 0.00 ms.
Mono: successfully reloaded assembly
- Completed reload, in  0.786 seconds
Platform modules already initialized, skipping
Refreshing native plugins compatible for Editor in 0.55 ms, found 1 plugins.
Preloading 0 native plugins for Editor in 0.00 ms.
Unloading 1991 Unused Serialized files (Serialized files now loaded: 0)
System memory in use before: 96.0 MB.
System memory in use after: 95.6 MB.

Unloading 17 unused Assets to reduce memory usage. Loaded Objects now: 2511.
Total: 2.461300 ms (FindLiveObjects: 0.240500 ms CreateObjectMapping: 0.055300 ms MarkObjects: 1.814700 ms  DeleteObjects: 0.349300 ms)

========================================================================
Received Prepare
Registering precompiled user dll's ...
Registered in 0.001158 seconds.
Begin MonoManager ReloadAssembly
Native extension for WindowsStandalone target not found
Native extension for WebGL target not found
Refreshing native plugins compatible for Editor in 0.53 ms, found 1 plugins.
Preloading 0 native plugins for Editor in 0.00 ms.
Mono: successfully reloaded assembly
- Completed reload, in  0.795 seconds
Platform modules already initialized, skipping
Refreshing native plugins compatible for Editor in 0.55 ms, found 1 plugins.
Preloading 0 native plugins for Editor in 0.00 ms.
Unloading 1991 Unused Serialized files (Serialized files now loaded: 0)
System memory in use before: 95.9 MB.
System memory in use after: 95.6 MB.

Unloading 17 unused Assets to reduce memory usage. Loaded Objects now: 2515.
Total: 2.675300 ms (FindLiveObjects: 0.323600 ms CreateObjectMapping: 0.064100 ms MarkObjects: 1.940600 ms  DeleteObjects: 0.345600 ms)

========================================================================
Received Prepare
Registering precompiled user dll's ...
Registered in 0.001046 seconds.
Begin MonoManager ReloadAssembly
Native extension for WindowsStandalone target not found
Native extension for WebGL target not found
Refreshing native plugins compatible for Editor in 0.59 ms, found 1 plugins.
Preloading 0 native plugins for Editor in 0.00 ms.
Mono: successfully reloaded assembly
- Completed reload, in  0.836 seconds
Platform modules already initialized, skipping
Refreshing native plugins compatible for Editor in 0.61 ms, found 1 plugins.
Preloading 0 native plugins for Editor in 0.00 ms.
Unloading 1991 Unused Serialized files (Serialized files now loaded: 0)
System memory in use before: 96.0 MB.
System memory in use after: 95.6 MB.

Unloading 17 unused Assets to reduce memory usage. Loaded Objects now: 2519.
Total: 2.930600 ms (FindLiveObjects: 0.424600 ms CreateObjectMapping: 0.111900 ms MarkObjects: 2.021900 ms  DeleteObjects: 0.369400 ms)

========================================================================
Received Import Request.
  Time since last request: 272.811249 seconds.
  path: Assets/Prefabs/Zombie.prefab
  artifactKey: Guid(9729d9e991173f14a8f6dcbb7ef86583) Importer(815301076,1909f56bfc062723c751e8b465ee728b)
Start importing Assets/Prefabs/Zombie.prefab using Guid(9729d9e991173f14a8f6dcbb7ef86583) Importer(815301076,1909f56bfc062723c751e8b465ee728b)  -> (artifact id: 'd335d0d59bdb66653a292fbe83b877ab') in 0.057818 seconds
  Import took 0.061867 seconds .

========================================================================
Received Import Request.
  Time since last request: 0.869853 seconds.
  path: Assets/Prefabs/Zombie.prefab
  artifactKey: Guid(9729d9e991173f14a8f6dcbb7ef86583) Importer(815301076,1909f56bfc062723c751e8b465ee728b)
Start importing Assets/Prefabs/Zombie.prefab using Guid(9729d9e991173f14a8f6dcbb7ef86583) Importer(815301076,1909f56bfc062723c751e8b465ee728b)  -> (artifact id: 'b20b4afa6ce7d50575ff6f97fc340e0b') in 0.013629 seconds
  Import took 0.017671 seconds .

========================================================================
Received Import Request.
  Time since last request: 0.006387 seconds.
  path: Assets/Prefabs/Zombie.prefab
  artifactKey: Guid(9729d9e991173f14a8f6dcbb7ef86583) Importer(815301076,1909f56bfc062723c751e8b465ee728b)
Start importing Assets/Prefabs/Zombie.prefab using Guid(9729d9e991173f14a8f6dcbb7ef86583) Importer(815301076,1909f56bfc062723c751e8b465ee728b)  -> (artifact id: 'b20b4afa6ce7d50575ff6f97fc340e0b') in 0.009641 seconds
  Import took 0.013011 seconds .

========================================================================
Received Prepare
Registering precompiled user dll's ...
Registered in 0.001130 seconds.
Begin MonoManager ReloadAssembly
Native extension for WindowsStandalone target not found
Native extension for WebGL target not found
Refreshing native plugins compatible for Editor in 0.52 ms, found 1 plugins.
Preloading 0 native plugins for Editor in 0.00 ms.
Mono: successfully reloaded assembly
- Completed reload, in  0.753 seconds
Platform modules already initialized, skipping
Refreshing native plugins compatible for Editor in 0.58 ms, found 1 plugins.
Preloading 0 native plugins for Editor in 0.00 ms.
Unloading 1991 Unused Serialized files (Serialized files now loaded: 0)
System memory in use before: 96.0 MB.
System memory in use after: 95.6 MB.

Unloading 17 unused Assets to reduce memory usage. Loaded Objects now: 2524.
Total: 2.589800 ms (FindLiveObjects: 0.237400 ms CreateObjectMapping: 0.056500 ms MarkObjects: 1.917800 ms  DeleteObjects: 0.376500 ms)

========================================================================
Received Import Request.
  Time since last request: 292.353284 seconds.
  path: Assets/_TerrainAutoUpgrade/layer_checkerGround3d3aba195e4d26ee.terrainlayer
  artifactKey: Guid(648d5a008d2ce0f45b82300edac4847d) Importer(815301076,1909f56bfc062723c751e8b465ee728b)
Start importing Assets/_TerrainAutoUpgrade/layer_checkerGround3d3aba195e4d26ee.terrainlayer using Guid(648d5a008d2ce0f45b82300edac4847d) Importer(815301076,1909f56bfc062723c751e8b465ee728b)  -> (artifact id: '0504b9c81851bb4f6469b1703ea9d35e') in 0.049473 seconds
  Import took 0.053075 seconds .

========================================================================
Received Import Request.
  Time since last request: 8.425060 seconds.
  path: Assets/AstarPathfindingProject/AstarPathfindingProject.asmdef
  artifactKey: Guid(efa45043feb7e4147a305b73b5cea642) Importer(815301076,1909f56bfc062723c751e8b465ee728b)
Start importing Assets/AstarPathfindingProject/AstarPathfindingProject.asmdef using Guid(efa45043feb7e4147a305b73b5cea642) Importer(815301076,1909f56bfc062723c751e8b465ee728b)  -> (artifact id: '737208532039ba57a6715a9252f7c9db') in 0.002751 seconds
  Import took 0.005916 seconds .

========================================================================
Received Import Request.
  Time since last request: 8.321998 seconds.
  path: Assets/Skins/ailien.png
  artifactKey: Guid(70891d1e171c26c4db35eeedfca6ad83) Importer(815301076,1909f56bfc062723c751e8b465ee728b)
Start importing Assets/Skins/ailien.png using Guid(70891d1e171c26c4db35eeedfca6ad83) Importer(815301076,1909f56bfc062723c751e8b465ee728b)  -> (artifact id: 'dcb0ab881bc7b64554404bc5d2f4c765') in 0.084530 seconds
  Import took 0.087864 seconds .

========================================================================
Received Import Request.
  Time since last request: 0.000283 seconds.
  path: Assets/Skins/move.png
  artifactKey: Guid(b999a9cdf4221104e9c5cd0b398e3e19) Importer(815301076,1909f56bfc062723c751e8b465ee728b)
Start importing Assets/Skins/move.png using Guid(b999a9cdf4221104e9c5cd0b398e3e19) Importer(815301076,1909f56bfc062723c751e8b465ee728b)  -> (artifact id: 'ead83dd798bdf51e1068be81a6543edd') in 0.011880 seconds
  Import took 0.015111 seconds .

========================================================================
Received Import Request.
  Time since last request: 0.000399 seconds.
  path: Assets/Skins/skeleton-idle_0.png
  artifactKey: Guid(1b026a2e4f127ba409a610c3bd5ede95) Importer(815301076,1909f56bfc062723c751e8b465ee728b)
Start importing Assets/Skins/skeleton-idle_0.png using Guid(1b026a2e4f127ba409a610c3bd5ede95) Importer(815301076,1909f56bfc062723c751e8b465ee728b)  -> (artifact id: 'ca4e0f583ce5541d915fc16c565c9920') in 0.024366 seconds
  Import took 0.028742 seconds .

========================================================================
Received Import Request.
  Time since last request: 0.000391 seconds.
  path: Assets/Skins/background.jpg
  artifactKey: Guid(c4999afc632d0074bbf790353652b453) Importer(815301076,1909f56bfc062723c751e8b465ee728b)
Start importing Assets/Skins/background.jpg using Guid(c4999afc632d0074bbf790353652b453) Importer(815301076,1909f56bfc062723c751e8b465ee728b)  -> (artifact id: 'c89091ae0fc722857d027d2d6d7ad5ff') in 0.031136 seconds
  Import took 0.035383 seconds .

========================================================================
Received Import Request.
  Time since last request: 0.000330 seconds.
  path: Assets/Skins/healthbar.png
  artifactKey: Guid(1707fa287fb94fa428ed9687ea50014e) Importer(815301076,1909f56bfc062723c751e8b465ee728b)
Start importing Assets/Skins/healthbar.png using Guid(1707fa287fb94fa428ed9687ea50014e) Importer(815301076,1909f56bfc062723c751e8b465ee728b)  -> (artifact id: '2ed57ea8d8eef85f1840b7a46a843ceb') in 0.030516 seconds
  Import took 0.033958 seconds .

========================================================================
Received Import Request.
  Time since last request: 0.000359 seconds.
  path: Assets/Skins/example_map5.png
  artifactKey: Guid(d74d8df022b218d4e8a00929247c3eb6) Importer(815301076,1909f56bfc062723c751e8b465ee728b)
Start importing Assets/Skins/example_map5.png using Guid(d74d8df022b218d4e8a00929247c3eb6) Importer(815301076,1909f56bfc062723c751e8b465ee728b)  -> (artifact id: '60dc5a3a4e7b26ec313f22ebf8879474') in 0.851171 seconds
  Import took 0.857011 seconds .

========================================================================
Received Import Request.
  Time since last request: 0.000303 seconds.
  path: Assets/Skins/Main.png
  artifactKey: Guid(0f8aaeb572e9f4f4496faed2784f0667) Importer(815301076,1909f56bfc062723c751e8b465ee728b)
Start importing Assets/Skins/Main.png using Guid(0f8aaeb572e9f4f4496faed2784f0667) Importer(815301076,1909f56bfc062723c751e8b465ee728b)  -> (artifact id: '3c8d4febbbc64e4463d75bff911acb24') in 0.020905 seconds
  Import took 0.024793 seconds .

========================================================================
Received Import Request.
  Time since last request: 0.000398 seconds.
  path: Assets/Skins/heavy.png
  artifactKey: Guid(1d15e120d4b9ea44b86f2898af0dd18e) Importer(815301076,1909f56bfc062723c751e8b465ee728b)
Start importing Assets/Skins/heavy.png using Guid(1d15e120d4b9ea44b86f2898af0dd18e) Importer(815301076,1909f56bfc062723c751e8b465ee728b)  -> (artifact id: '94867a7dcc68c30b5fd7fcdafea02c82') in 0.017131 seconds
  Import took 0.020991 seconds .

========================================================================
Received Import Request.
  Time since last request: 0.000372 seconds.
  path: Assets/Skins/attack.png
  artifactKey: Guid(4a32f314fd9341c4b9430e7879017ccc) Importer(815301076,1909f56bfc062723c751e8b465ee728b)
Start importing Assets/Skins/attack.png using Guid(4a32f314fd9341c4b9430e7879017ccc) Importer(815301076,1909f56bfc062723c751e8b465ee728b)  -> (artifact id: '645c90ea400871d2ccdc83cf6bff7fe9') in 0.013169 seconds
  Import took 0.017467 seconds .

========================================================================
Received Import Request.
  Time since last request: 0.000497 seconds.
  path: Assets/Skins/maxresdefault.jpg
  artifactKey: Guid(fd31ed9df7122764696de6646f50a0a6) Importer(815301076,1909f56bfc062723c751e8b465ee728b)
Start importing Assets/Skins/maxresdefault.jpg using Guid(fd31ed9df7122764696de6646f50a0a6) Importer(815301076,1909f56bfc062723c751e8b465ee728b)  -> (artifact id: '90e0b3fa175ea7c0bbe0fa43b4ef9d0c') in 0.030972 seconds
  Import took 0.034863 seconds .

========================================================================
Received Import Request.
  Time since last request: 0.000361 seconds.
  path: Assets/Skins/Monster.png
  artifactKey: Guid(5e9a29a371dd95a499c510402fb2ab88) Importer(815301076,1909f56bfc062723c751e8b465ee728b)
Start importing Assets/Skins/Monster.png using Guid(5e9a29a371dd95a499c510402fb2ab88) Importer(815301076,1909f56bfc062723c751e8b465ee728b)  -> (artifact id: '2e83abdf44adde38c058e5709dcb9c63') in 0.013102 seconds
  Import took 0.017379 seconds .

========================================================================
Received Import Request.
  Time since last request: 0.000342 seconds.
  path: Assets/Skins/eye.png
  artifactKey: Guid(705d9906851d75740a65978cdd199946) Importer(815301076,1909f56bfc062723c751e8b465ee728b)
Start importing Assets/Skins/eye.png using Guid(705d9906851d75740a65978cdd199946) Importer(815301076,1909f56bfc062723c751e8b465ee728b)  -> (artifact id: '4936cca5f71446113e1b2f7777fec6df') in 0.018137 seconds
  Import took 0.022201 seconds .

========================================================================
Received Prepare
Registering precompiled user dll's ...
Registered in 0.001682 seconds.
Begin MonoManager ReloadAssembly
Native extension for WindowsStandalone target not found
Native extension for WebGL target not found
Refreshing native plugins compatible for Editor in 0.53 ms, found 1 plugins.
Preloading 0 native plugins for Editor in 0.00 ms.
Mono: successfully reloaded assembly
- Completed reload, in  0.777 seconds
Platform modules already initialized, skipping
Refreshing native plugins compatible for Editor in 0.54 ms, found 1 plugins.
Preloading 0 native plugins for Editor in 0.00 ms.
Unloading 1991 Unused Serialized files (Serialized files now loaded: 0)
System memory in use before: 96.2 MB.
System memory in use after: 95.9 MB.

Unloading 17 unused Assets to reduce memory usage. Loaded Objects now: 2551.
Total: 2.999600 ms (FindLiveObjects: 0.369100 ms CreateObjectMapping: 0.109400 ms MarkObjects: 2.162600 ms  DeleteObjects: 0.356600 ms)

========================================================================
Received Prepare
Registering precompiled user dll's ...
Registered in 0.001046 seconds.
Begin MonoManager ReloadAssembly
Native extension for WindowsStandalone target not found
Native extension for WebGL target not found
Refreshing native plugins compatible for Editor in 0.55 ms, found 1 plugins.
Preloading 0 native plugins for Editor in 0.00 ms.
Mono: successfully reloaded assembly
- Completed reload, in  0.769 seconds
Platform modules already initialized, skipping
Refreshing native plugins compatible for Editor in 0.55 ms, found 1 plugins.
Preloading 0 native plugins for Editor in 0.00 ms.
Unloading 1991 Unused Serialized files (Serialized files now loaded: 0)
System memory in use before: 96.3 MB.
System memory in use after: 95.9 MB.

Unloading 17 unused Assets to reduce memory usage. Loaded Objects now: 2555.
Total: 3.161600 ms (FindLiveObjects: 0.556400 ms CreateObjectMapping: 0.085800 ms MarkObjects: 2.144300 ms  DeleteObjects: 0.371400 ms)

========================================================================
Received Prepare
Registering precompiled user dll's ...
Registered in 0.001163 seconds.
Begin MonoManager ReloadAssembly
Native extension for WindowsStandalone target not found
Native extension for WebGL target not found
Refreshing native plugins compatible for Editor in 1.03 ms, found 1 plugins.
Preloading 0 native plugins for Editor in 0.00 ms.
Mono: successfully reloaded assembly
- Completed reload, in  0.752 seconds
Platform modules already initialized, skipping
Refreshing native plugins compatible for Editor in 0.50 ms, found 1 plugins.
Preloading 0 native plugins for Editor in 0.00 ms.
Unloading 1991 Unused Serialized files (Serialized files now loaded: 0)
System memory in use before: 96.3 MB.
System memory in use after: 95.9 MB.

Unloading 17 unused Assets to reduce memory usage. Loaded Objects now: 2559.
Total: 2.880300 ms (FindLiveObjects: 0.467400 ms CreateObjectMapping: 0.309800 ms MarkObjects: 1.737100 ms  DeleteObjects: 0.362900 ms)

AssetImportWorkerClient::OnTransportError - code=2 error=End of file
